<?xml version="1.0" encoding="UTF-8"?>
<!-- Generated by org.testng.reporters.JUnitXMLReporter -->
<testsuite hostname="HW0434" name="Grouping" tests="3" failures="0" timestamp="26 Sep 2014 14:19:35 GMT" time="53.713" errors="0">
  <testcase name="GoogleHomeLinks" time="4.549" classname="com.icat.scripts.Assignment1"/>
  <testcase name="GoogleResultLinks" time="31.757" classname="com.icat.scripts.Assignment2"/>
  <testcase name="GoogleSignIn" time="17.33" classname="com.icat.scripts.Assignment8"/>
</testsuite> <!-- Grouping -->
